C:\Program Files\Microsoft Visual Studio\2022\Enterprise\MSBuild\Microsoft\VC\v170\Microsoft.Cpp.Analysis.props(24,5): warning MSB4211: The property "MsvcAnalysisPluginPath" is being set to a value for the first time, but it was already consumed at "C:\Program Files\Microsoft Visual Studio\2022\Enterprise\MSBuild\Microsoft\VC\v170\Microsoft.CodeAnalysis.Extensions.props (33,5)".
C:\Program Files\Microsoft Visual Studio\2022\Enterprise\MSBuild\Microsoft\VC\v170\Microsoft.Cpp.Analysis.props(24,5): warning MSB4211: The property "MsvcAnalysisPluginPath" is being set to a value for the first time, but it was already consumed at "C:\Program Files\Microsoft Visual Studio\2022\Enterprise\MSBuild\Microsoft\VC\v170\Microsoft.CodeAnalysis.Extensions.props (33,5)".
  Rhysida_Decryptor.cpp
C:\temp\libtomcrypt\src\headers\tomcrypt_cfg.h(27,28): warning C4273: 'malloc': inconsistent dll linkage
  (compiling source file 'Rhysida_Decryptor.cpp')
  C:\Program Files (x86)\Windows Kits\10\Include\10.0.22621.0\ucrt\corecrt_malloc.h(101,15):
  see previous definition of 'malloc'
  
C:\temp\libtomcrypt\src\headers\tomcrypt_cfg.h(28,28): warning C4273: 'realloc': inconsistent dll linkage
  (compiling source file 'Rhysida_Decryptor.cpp')
  C:\Program Files (x86)\Windows Kits\10\Include\10.0.22621.0\ucrt\corecrt_malloc.h(126,15):
  see previous definition of 'realloc'
  
C:\temp\libtomcrypt\src\headers\tomcrypt_cfg.h(29,28): warning C4273: 'calloc': inconsistent dll linkage
  (compiling source file 'Rhysida_Decryptor.cpp')
  C:\Program Files (x86)\Windows Kits\10\Include\10.0.22621.0\ucrt\corecrt_malloc.h(66,15):
  see previous definition of 'calloc'
  
C:\temp\libtomcrypt\src\headers\tomcrypt_cfg.h(30,26): warning C4273: 'free': inconsistent dll linkage
  (compiling source file 'Rhysida_Decryptor.cpp')
  C:\Program Files (x86)\Windows Kits\10\Include\10.0.22621.0\ucrt\corecrt_malloc.h(89,14):
  see previous definition of 'free'
  
C:\temp\libtomcrypt\src\headers\tomcrypt_cfg.h(32,26): warning C4273: 'qsort': inconsistent dll linkage
  (compiling source file 'Rhysida_Decryptor.cpp')
  C:\Program Files (x86)\Windows Kits\10\Include\10.0.22621.0\ucrt\corecrt_search.h(60,23):
  see previous definition of 'qsort'
  
C:\temp\libtomcrypt\src\headers\tomcrypt_cfg.h(36,29): warning C4273: 'clock': inconsistent dll linkage
  (compiling source file 'Rhysida_Decryptor.cpp')
  C:\Program Files (x86)\Windows Kits\10\Include\10.0.22621.0\ucrt\time.h(144,26):
  see previous definition of 'clock'
  
C:\temp\Rhysida_Decryptor\Rhysida_Decryptor.cpp(30,32): warning C4267: 'initializing': conversion from 'size_t' to 'int', possible loss of data
C:\temp\Rhysida_Decryptor\Rhysida_Decryptor.cpp(69,84): warning C4244: '=': conversion from '__int64' to 'int', possible loss of data
C:\temp\Rhysida_Decryptor\Rhysida_Decryptor.cpp(11,1): warning C4172: returning address of local variable or temporary: buffer
  Rhysida_Decryptor.vcxproj -> C:\temp\libtomcrypt\x64\Debug\Rhysida_Decryptor.exe
